<?xml version="1.0" encoding="UTF-8"?>
<testng-results skipped="0" failed="0" ignored="0" total="1" passed="1">
  <reporter-output>
  </reporter-output>
  <suite name="NewTest" duration-ms="9699" started-at="2018-12-07T14:14:29Z" finished-at="2018-12-07T14:14:38Z">
    <groups>
    </groups>
    <test name="Command line test" duration-ms="9699" started-at="2018-12-07T14:14:29Z" finished-at="2018-12-07T14:14:38Z">
      <class name="NewTest">
        <test-method status="PASS" signature="f()[pri:0, instance:NewTest@2acf57e3]" name="f" duration-ms="9668" started-at="2018-12-07T14:14:29Z" finished-at="2018-12-07T14:14:38Z">
          <reporter-output>
          </reporter-output>
        </test-method> <!-- f -->
      </class> <!-- NewTest -->
    </test> <!-- Command line test -->
  </suite> <!-- NewTest -->
</testng-results>
